{"numFailedTestSuites":0,"numFailedTests":0,"numPassedTestSuites":154,"numPassedTests":1511,"numPendingTestSuites":0,"numPendingTests":0,"numRuntimeErrorTestSuites":0,"numTodoTests":0,"numTotalTestSuites":154,"numTotalTests":1511,"openHandles":[],"snapshot":{"added":0,"didUpdate":false,"failure":false,"filesAdded":0,"filesRemoved":0,"filesRemovedList":[],"filesUnmatched":0,"filesUpdated":0,"matched":0,"total":0,"unchecked":0,"uncheckedKeysByFile":[],"unmatched":0,"updated":0},"startTime":1789343346989,"success":true,"testResults":[{"assertionResults":[{"ancestorTitles":["radar-position-engine"],"duration":39,"failureDetails":[],"failureMessages":[],"fullName":"radar-position-engine handles over-5-player input without NaN or out-of-bounds dots","invocations":1,"location":null,"numPassingAsserts":92,"retryReasons":[],"status":"passed","title":"handles over-5-player input without NaN or out-of-bounds dots"},{"ancestorTitles":["radar-position-engine"],"duration":5,"failureDetails":[],"failureMessages":[],"fullName":"radar-position-engine filters implausible cross-map kill lines by weapon range","invocations":1,"location":null,"numPassingAsserts":1,"retryReasons":[],"status":"passed","title":"filters implausible cross-map kill lines by weapon range"},{"ancestorTitles":["radar-position-engine"],"duration":33,"failureDetails":[],"failureMessages":[],"fullName":"radar-position-engine emits finite, clamped kill lines with level metadata on dual-level maps","invocations":1,"location":null,"numPassingAsserts":30,"retryReasons":[],"status":"passed","title":"emits finite, clamped kill lines with level metadata on dual-level maps"},{"ancestorTitles":["radar-position-engine"],"duration":9392,"failureDetails":[],"failureMessages":[],"fullName":"radar-position-engine keeps generated dots on walkable radar areas across maps and times","invocations":1,"location":null,"numPassingAsserts":3984,"retryReasons":[],"status":"passed","title":"keeps generated dots on walkable radar areas across maps and times"},{"ancestorTitles":["radar-position-engine"],"duration":9390,"failureDetails":[],"failureMessages":[],"fullName":"radar-position-engine limits per-second alive-player movement jumps for smoother radar motion","invocations":1,"location":null,"numPassingAsserts":3824,"retryReasons":[],"status":"passed","title":"limits per-second alive-player movement jumps for smoother radar motion"}],"endTime":1789343366861,"message":"","name":"C:\\Users\\IsacC\\EsportSimulator\\__tests__\\radar-position-engine.test.ts","startTime":1789343347191,"status":"passed","summary":""},{"assertionResults":[{"ancestorTitles":["week-tick smoke — short runs"],"duration":53,"failureDetails":[],"failureMessages":[],"fullName":"week-tick smoke — short runs 1 week tick on a minimal save: success, save still valid","invocations":1,"location":null,"numPassingAsserts":403,"retryReasons":[],"status":"passed","title":"1 week tick on a minimal save: success, save still valid"},{"ancestorTitles":["week-tick smoke — short runs"],"duration":79,"failureDetails":[],"failureMessages":[],"fullName":"week-tick smoke — short runs 4 weeks: pipeline runs cleanly without state corruption","invocations":1,"location":null,"numPassingAsserts":1613,"retryReasons":[],"status":"passed","title":"4 weeks: pipeline runs cleanly without state corruption"},{"ancestorTitles":["week-tick smoke — half-season run (26 weeks)"],"duration":825,"failureDetails":[],"failureMessages":[],"fullName":"week-tick smoke — half-season run (26 weeks) simulates 26 weeks deterministically; invariants hold throughout","invocations":1,"location":null,"numPassingAsserts":11435,"retryReasons":[],"status":"passed","title":"simulates 26 weeks deterministically; invariants hold throughout"},{"ancestorTitles":["week-tick smoke — full-season run (52 weeks)"],"duration":1941,"failureDetails":[],"failureMessages":[],"fullName":"week-tick smoke — full-season run (52 weeks) simulates a full season; no NaN, no duplicate IDs, no orphans","invocations":1,"location":null,"numPassingAsserts":22990,"retryReasons":[],"status":"passed","title":"simulates a full season; no NaN, no duplicate IDs, no orphans"},{"ancestorTitles":["week-tick smoke — determinism"],"duration":356,"failureDetails":[],"failureMessages":[],"fullName":"week-tick smoke — determinism two runs with the same seed produce identical end states","invocations":1,"location":null,"numPassingAsserts":6722,"retryReasons":[],"status":"passed","title":"two runs with the same seed produce identical end states"},{"ancestorTitles":["week-tick smoke — determinism"],"duration":324,"failureDetails":[],"failureMessages":[],"fullName":"week-tick smoke — determinism different seeds produce different end states","invocations":1,"location":null,"numPassingAsserts":6728,"retryReasons":[],"status":"passed","title":"different seeds produce different end states"},{"ancestorTitles":["week-tick smoke — sanity boundaries"],"duration":566,"failureDetails":[],"failureMessages":[],"fullName":"week-tick smoke — sanity boundaries no player ever exceeds 100 fatigue or drops below 0 morale across 26 weeks","invocations":1,"location":null,"numPassingAsserts":3628,"retryReasons":[],"status":"passed","title":"no player ever exceeds 100 fatigue or drops below 0 morale across 26 weeks"}],"endTime":1789343371271,"message":"","name":"C:\\Users\\IsacC\\EsportSimulator\\__tests__\\week-tick-smoke.test.ts","startTime":1789343366866,"status":"passed","summary":""},{"assertionResults":[{"ancestorTitles":[],"duration":2977,"failureDetails":[],"failureMessages":[],"fullName":"a long uninterrupted random stream agrees with regularly saved and reloaded state","invocations":1,"location":null,"numPassingAsserts":2,"retryReasons":[],"status":"passed","title":"a long uninterrupted random stream agrees with regularly saved and reloaded state"}],"endTime":1789343374288,"message":"","name":"C:\\Users\\IsacC\\EsportSimulator\\__tests__\\rng-long-replay.test.ts","startTime":1789343371275,"status":"passed","summary":""},{"assertionResults":[{"ancestorTitles":["save-size budget"],"duration":1609,"failureDetails":[],"failureMessages":[],"fullName":"save-size budget full-season save stays under 4 MB on a typical smoke fixture","invocations":1,"location":null,"numPassingAsserts":1,"retryReasons":[],"status":"passed","title":"full-season save stays under 4 MB on a typical smoke fixture"},{"ancestorTitles":["save-size budget"],"duration":529,"failureDetails":[],"failureMessages":[],"fullName":"save-size budget AI-vs-AI completed matches have empty rounds[] (rounds stripped)","invocations":1,"location":null,"numPassingAsserts":329,"retryReasons":[],"status":"passed","title":"AI-vs-AI completed matches have empty rounds[] (rounds stripped)"},{"ancestorTitles":["save-size budget"],"duration":678,"failureDetails":[],"failureMessages":[],"fullName":"save-size budget player-team matches RETAIN their rounds[] for replay UI","invocations":1,"location":null,"numPassingAsserts":1,"retryReasons":[],"status":"passed","title":"player-team matches RETAIN their rounds[] for replay UI"}],"endTime":1789343377217,"message":"","name":"C:\\Users\\IsacC\\EsportSimulator\\__tests__\\save-size-budget.test.ts","startTime":1789343374292,"status":"passed","summary":""},{"assertionResults":[{"ancestorTitles":["Steam Cloud save round-trip"],"duration":5,"failureDetails":[],"failureMessages":[],"fullName":"Steam Cloud save round-trip rejected cloud writes and deletes propagate false while local saves remain durable","invocations":1,"location":null,"numPassingAsserts":5,"retryReasons":[],"status":"passed","title":"rejected cloud writes and deletes propagate false while local saves remain durable"},{"ancestorTitles":["Steam Cloud save round-trip"],"duration":1,"failureDetails":[],"failureMessages":[],"fullName":"Steam Cloud save round-trip saveGame uploads byte-identical payload to the cloud bridge","invocations":1,"location":null,"numPassingAsserts":4,"retryReasons":[],"status":"passed","title":"saveGame uploads byte-identical payload to the cloud bridge"},{"ancestorTitles":["Steam Cloud save round-trip"],"duration":3,"failureDetails":[],"failureMessages":[],"fullName":"Steam Cloud save round-trip loadGame after local wipe pulls the save from cloud and preserves integrity","invocations":1,"location":null,"numPassingAsserts":10,"retryReasons":[],"status":"passed","title":"loadGame after local wipe pulls the save from cloud and preserves integrity"},{"ancestorTitles":["Steam Cloud save round-trip"],"duration":2,"failureDetails":[],"failureMessages":[],"fullName":"Steam Cloud save round-trip cloud copy is rehydrated into local storage after a wipe","invocations":1,"location":null,"numPassingAsserts":2,"retryReasons":[],"status":"passed","title":"cloud copy is rehydrated into local storage after a wipe"},{"ancestorTitles":["Steam Cloud save round-trip"],"duration":2,"failureDetails":[],"failureMessages":[],"fullName":"Steam Cloud save round-trip tampered cloud copy is rejected with INTEGRITY_FAILED when local is missing","invocations":1,"location":null,"numPassingAsserts":2,"retryReasons":[],"status":"passed","title":"tampered cloud copy is rejected with INTEGRITY_FAILED when local is missing"},{"ancestorTitles":["Steam Cloud save round-trip"],"duration":1214,"failureDetails":[],"failureMessages":[],"fullName":"Steam Cloud save round-trip when local and cloud both exist, the newer-by-1s candidate wins","invocations":1,"location":null,"numPassingAsserts":3,"retryReasons":[],"status":"passed","title":"when local and cloud both exist, the newer-by-1s candidate wins"},{"ancestorTitles":["Steam Cloud save round-trip"],"duration":1212,"failureDetails":[],"failureMessages":[],"fullName":"Steam Cloud save round-trip higher-progress local save is NOT demoted by a stale cloud copy with a newer wall-clock timestamp","invocations":1,"location":null,"numPassingAsserts":2,"retryReasons":[],"status":"passed","title":"higher-progress local save is NOT demoted by a stale cloud copy with a newer wall-clock timestamp"},{"ancestorTitles":["Steam Cloud save round-trip"],"duration":1,"failureDetails":[],"failureMessages":[],"fullName":"Steam Cloud save round-trip checkpoint writes stay local-only — cloud upload is reserved for final saveGame","invocations":1,"location":null,"numPassingAsserts":3,"retryReasons":[],"status":"passed","title":"checkpoint writes stay local-only — cloud upload is reserved for final saveGame"},{"ancestorTitles":["Steam Cloud save round-trip"],"duration":1,"failureDetails":[],"failureMessages":[],"fullName":"Steam Cloud save round-trip cloud-disconnected bridge does not fail saveGame (cloud sync is non-blocking)","invocations":1,"location":null,"numPassingAsserts":1,"retryReasons":[],"status":"passed","title":"cloud-disconnected bridge does not fail saveGame (cloud sync is non-blocking)"}],"endTime":1789343379730,"message":"","name":"C:\\Users\\IsacC\\EsportSimulator\\__tests__\\steam-cloud-roundtrip.test.ts","startTime":1789343377228,"status":"passed","summary":""},{"assertionResults":[{"ancestorTitles":["week-tick wall-time profile"],"duration":1892,"failureDetails":[],"failureMessages":[],"fullName":"week-tick wall-time profile late-season tick should not be wildly slower than early-season tick","invocations":1,"location":null,"numPassingAsserts":55,"retryReasons":[],"status":"passed","title":"late-season tick should not be wildly slower than early-season tick"}],"endTime":1789343381729,"message":"","name":"C:\\Users\\IsacC\\EsportSimulator\\__tests__\\week-tick-perf-profile.test.ts","startTime":1789343379733,"status":"passed","summary":""},{"assertionResults":[{"ancestorTitles":[],"duration":351,"failureDetails":[],"failureMessages":[],"fullName":"Windows 1.0 listing does not require an Early Access claim","invocations":1,"location":null,"numPassingAsserts":1,"retryReasons":[],"status":"passed","title":"Windows 1.0 listing does not require an Early Access claim"},{"ancestorTitles":[],"duration":356,"failureDetails":[],"failureMessages":[],"fullName":"contaminated map outside public/assets fails the real scanner","invocations":1,"location":null,"numPassingAsserts":2,"retryReasons":[],"status":"passed","title":"contaminated map outside public/assets fails the real scanner"},{"ancestorTitles":[],"duration":389,"failureDetails":[],"failureMessages":[],"fullName":"missing policy fails rather than silently using an empty policy","invocations":1,"location":null,"numPassingAsserts":1,"retryReasons":[],"status":"passed","title":"missing policy fails rather than silently using an empty policy"},{"ancestorTitles":[],"duration":338,"failureDetails":[],"failureMessages":[],"fullName":"bulk historical baselines cannot waive a required finding or be rewritten","invocations":1,"location":null,"numPassingAsserts":2,"retryReasons":[],"status":"passed","title":"bulk historical baselines cannot waive a required finding or be rewritten"}],"endTime":1789343383220,"message":"","name":"C:\\Users\\IsacC\\EsportSimulator\\__tests__\\launch-content-scan.test.ts","startTime":1789343381734,"status":"passed","summary":""},{"assertionResults":[{"ancestorTitles":[],"duration":55,"failureDetails":[],"failureMessages":[],"fullName":"radio is delayed; a teammate cannot receive another player sight immediately","invocations":1,"location":null,"numPassingAsserts":5,"retryReasons":[],"status":"passed","title":"radio is delayed; a teammate cannot receive another player sight immediately"},{"ancestorTitles":[],"duration":84,"failureDetails":[],"failureMessages":[],"fullName":"unseen enemy relocation does not change friendly knowledge, plans or movement","invocations":1,"location":null,"numPassingAsserts":1,"retryReasons":[],"status":"passed","title":"unseen enemy relocation does not change friendly knowledge, plans or movement"},{"ancestorTitles":[],"duration":69,"failureDetails":[],"failureMessages":[],"fullName":"blocked sight produces no damage and input ordering does not affect seeded execution","invocations":1,"location":null,"numPassingAsserts":3,"retryReasons":[],"status":"passed","title":"blocked sight produces no damage and input ordering does not affect seeded execution"},{"ancestorTitles":[],"duration":49,"failureDetails":[],"failureMessages":[],"fullName":"aim and firing wait for reaction; skill alters execution without outcome overrides","invocations":1,"location":null,"numPassingAsserts":3,"retryReasons":[],"status":"passed","title":"aim and firing wait for reaction; skill alters execution without outcome overrides"},{"ancestorTitles":[],"duration":1,"failureDetails":[],"failureMessages":[],"fullName":"policy changes require evidence and a rotation cannot oscillate between sites","invocations":1,"location":null,"numPassingAsserts":6,"retryReasons":[],"status":"passed","title":"policy changes require evidence and a rotation cannot oscillate between sites"},{"ancestorTitles":[],"duration":110,"failureDetails":[],"failureMessages":[],"fullName":"entry movement leads to an uninterrupted plant","invocations":1,"location":null,"numPassingAsserts":4,"retryReasons":[],"status":"passed","title":"entry movement leads to an uninterrupted plant"},{"ancestorTitles":[],"duration":30,"failureDetails":[],"failureMessages":[],"fullName":"defuse requires its full duration and impossible deadlines cause an explained save","invocations":1,"location":null,"numPassingAsserts":5,"retryReasons":[],"status":"passed","title":"defuse requires its full duration and impossible deadlines cause an explained save"},{"ancestorTitles":[],"duration":45,"failureDetails":[],"failureMessages":[],"fullName":"objective actions cannot reach through an intervening wall","invocations":1,"location":null,"numPassingAsserts":1,"retryReasons":[],"status":"passed","title":"objective actions cannot reach through an intervening wall"},{"ancestorTitles":[],"duration":25,"failureDetails":[],"failureMessages":[],"fullName":"swept separation catches swaps but allows genuinely distinct floors","invocations":1,"location":null,"numPassingAsserts":3,"retryReasons":[],"status":"passed","title":"swept separation catches swaps but allows genuinely distinct floors"},{"ancestorTitles":[],"duration":41,"failureDetails":[],"failureMessages":[],"fullName":"congestion ends in a safe hold instead of repeatedly attempting a blocked route","invocations":1,"location":null,"numPassingAsserts":4,"retryReasons":[],"status":"passed","title":"congestion ends in a safe hold instead of repeatedly attempting a blocked route"},{"ancestorTitles":[],"duration":189,"failureDetails":[],"failureMessages":[],"fullName":"team inventory is isolated, validated and spends an authored throw only once","invocations":1,"location":null,"numPassingAsserts":6,"retryReasons":[],"status":"passed","title":"team inventory is isolated, validated and spends an authored throw only once"},{"ancestorTitles":[],"duration":4,"failureDetails":[],"failureMessages":[],"fullName":"portable teams round-trip and malformed identities or timing are rejected","invocations":1,"location":null,"numPassingAsserts":3,"retryReasons":[],"status":"passed","title":"portable teams round-trip and malformed identities or timing are rejected"},{"ancestorTitles":[],"duration":26,"failureDetails":[],"failureMessages":[],"fullName":"team replay excludes private sightings, enemy resources and a hidden carrier","invocations":1,"location":null,"numPassingAsserts":6,"retryReasons":[],"status":"passed","title":"team replay excludes private sightings, enemy resources and a hidden carrier"},{"ancestorTitles":[],"duration":55,"failureDetails":[],"failureMessages":[],"fullName":"moving behind cover freezes a sighting and expires stale team information","invocations":1,"location":null,"numPassingAsserts":5,"retryReasons":[],"status":"passed","title":"moving behind cover freezes a sighting and expires stale team information"},{"ancestorTitles":[],"duration":76,"failureDetails":[],"failureMessages":[],"fullName":"a dead planter drops the bomb and cannot complete its interrupted action","invocations":1,"location":null,"numPassingAsserts":4,"retryReasons":[],"status":"passed","title":"a dead planter drops the bomb and cannot complete its interrupted action"},{"ancestorTitles":[],"duration":55,"failureDetails":[],"failureMessages":[],"fullName":"a lurker holds a separate assignment while entry advances","invocations":1,"location":null,"numPassingAsserts":3,"retryReasons":[],"status":"passed","title":"a lurker holds a separate assignment while entry advances"},{"ancestorTitles":[],"duration":154,"failureDetails":[],"failureMessages":[],"fullName":"higher execution skill improves a seeded duel batch","invocations":1,"location":null,"numPassingAsserts":1,"retryReasons":[],"status":"passed","title":"higher execution skill improves a seeded duel batch"}],"endTime":1789343384391,"message":"","name":"C:\\Users\\IsacC\\EsportSimulator\\__tests__\\spatial-teams.test.ts","startTime":1789343383224,"status":"passed","summary":""},{"assertionResults":[{"ancestorTitles":[],"duration":7,"failureDetails":[],"failureMessages":[],"fullName":"academy day/level validation rejects locked and unbounded training slots","invocations":1,"location":null,"numPassingAsserts":2,"retryReasons":[],"status":"passed","title":"academy day/level validation rejects locked and unbounded training slots"},{"ancestorTitles":[],"duration":18,"failureDetails":[],"failureMessages":[],"fullName":"academy fatigue applies between drills; recovery order changes the outcome; one receipt per week","invocations":1,"location":null,"numPassingAsserts":6,"retryReasons":[],"status":"passed","title":"academy fatigue applies between drills; recovery order changes the outcome; one receipt per week"},{"ancestorTitles":[],"duration":2,"failureDetails":[],"failureMessages":[],"fullName":"discarding a non-pending or subsequently owned prospect cannot delete a player","invocations":1,"location":null,"numPassingAsserts":2,"retryReasons":[],"status":"passed","title":"discarding a non-pending or subsequently owned prospect cannot delete a player"},{"ancestorTitles":[],"duration":1,"failureDetails":[],"failureMessages":[],"fullName":"role training refuses foreign, retired and unknown-role assignments","invocations":1,"location":null,"numPassingAsserts":4,"retryReasons":[],"status":"passed","title":"role training refuses foreign, retired and unknown-role assignments"},{"ancestorTitles":[],"duration":1,"failureDetails":[],"failureMessages":[],"fullName":"weekly training never reduces an existing specialist stat to a lower potential","invocations":1,"location":null,"numPassingAsserts":1,"retryReasons":[],"status":"passed","title":"weekly training never reduces an existing specialist stat to a lower potential"},{"ancestorTitles":[],"duration":1,"failureDetails":[],"failureMessages":[],"fullName":"optional investments require ongoing affordability, including role-training costs","invocations":1,"location":null,"numPassingAsserts":3,"retryReasons":[],"status":"passed","title":"optional investments require ongoing affordability, including role-training costs"},{"ancestorTitles":[],"duration":16,"failureDetails":[],"failureMessages":[],"fullName":"registration enforces senior ownership, contracts and actual entry requirements","invocations":1,"location":null,"numPassingAsserts":5,"retryReasons":[],"status":"passed","title":"registration enforces senior ownership, contracts and actual entry requirements"},{"ancestorTitles":[],"duration":1,"failureDetails":[],"failureMessages":[],"fullName":"fractional academy gains accumulate while above-potential specialist stats are preserved","invocations":1,"location":null,"numPassingAsserts":2,"retryReasons":[],"status":"passed","title":"fractional academy gains accumulate while above-potential specialist stats are preserved"},{"ancestorTitles":[],"duration":7,"failureDetails":[],"failureMessages":[],"fullName":"recovery drills work when exhausted; active-match drills cannot change player state","invocations":1,"location":null,"numPassingAsserts":4,"retryReasons":[],"status":"passed","title":"recovery drills work when exhausted; active-match drills cannot change player state"},{"ancestorTitles":[],"duration":2,"failureDetails":[],"failureMessages":[],"fullName":"individual academy focus redistributes a fixed development budget","invocations":1,"location":null,"numPassingAsserts":4,"retryReasons":[],"status":"passed","title":"individual academy focus redistributes a fixed development budget"},{"ancestorTitles":[],"duration":7,"failureDetails":[],"failureMessages":[],"fullName":"academy level bonus affects XP and invalid individual focus is rejected","invocations":1,"location":null,"numPassingAsserts":3,"retryReasons":[],"status":"passed","title":"academy level bonus affects XP and invalid individual focus is rejected"},{"ancestorTitles":[],"duration":4,"failureDetails":[],"failureMessages":[],"fullName":"Iron Lung never reduces recovery and expired academy scouts produce no prospect","invocations":1,"location":null,"numPassingAsserts":4,"retryReasons":[],"status":"passed","title":"Iron Lung never reduces recovery and expired academy scouts produce no prospect"},{"ancestorTitles":[],"duration":4,"failureDetails":[],"failureMessages":[],"fullName":"drill effects come from the catalog; leadership and wellness effects reach the correct attributes","invocations":1,"location":null,"numPassingAsserts":5,"retryReasons":[],"status":"passed","title":"drill effects come from the catalog; leadership and wellness effects reach the correct attributes"},{"ancestorTitles":[],"duration":1,"failureDetails":[],"failureMessages":[],"fullName":"unrevealed academy potential does not affect display or sorting","invocations":1,"location":null,"numPassingAsserts":4,"retryReasons":[],"status":"passed","title":"unrevealed academy potential does not affect display or sorting"},{"ancestorTitles":[],"duration":3,"failureDetails":[],"failureMessages":[],"fullName":"one enrolled prospect can occupy only one valid academy lineup slot","invocations":1,"location":null,"numPassingAsserts":3,"retryReasons":[],"status":"passed","title":"one enrolled prospect can occupy only one valid academy lineup slot"}],"endTime":1789343385035,"message":"","name":"C:\\Users\\IsacC\\EsportSimulator\\__tests__\\l17-development.test.ts","startTime":1789343384394,"status":"passed","summary":""},{"assertionResults":[{"ancestorTitles":["SeededRNG","determinism"],"duration":0,"failureDetails":[],"failureMessages":[],"fullName":"SeededRNG determinism should produce identical sequences from the same seed","invocations":1,"location":null,"numPassingAsserts":1,"retryReasons":[],"status":"passed","title":"should produce identical sequences from the same seed"},{"ancestorTitles":["SeededRNG","determinism"],"duration":0,"failureDetails":[],"failureMessages":[],"fullName":"SeededRNG determinism should produce different sequences from different seeds","invocations":1,"location":null,"numPassingAsserts":1,"retryReasons":[],"status":"passed","title":"should produce different sequences from different seeds"},{"ancestorTitles":["SeededRNG","determinism"],"duration":685,"failureDetails":[],"failureMessages":[],"fullName":"SeededRNG determinism should produce values in [0, 1) range","invocations":1,"location":null,"numPassingAsserts":20000,"retryReasons":[],"status":"passed","title":"should produce values in [0, 1) range"},{"ancestorTitles":["SeededRNG","range()"],"duration":76,"failureDetails":[],"failureMessages":[],"fullName":"SeededRNG range() should produce values within specified range","invocations":1,"location":null,"numPassingAsserts":2000,"retryReasons":[],"status":"passed","title":"should produce values within specified range"},{"ancestorTitles":["SeededRNG","int()"],"duration":106,"failureDetails":[],"failureMessages":[],"fullName":"SeededRNG int() should produce integers within inclusive range","invocations":1,"location":null,"numPassingAsserts":3001,"retryReasons":[],"status":"passed","title":"should produce integers within inclusive range"},{"ancestorTitles":["SeededRNG","bool()"],"duration":4,"failureDetails":[],"failureMessages":[],"fullName":"SeededRNG bool() should respect probability parameter","invocations":1,"location":null,"numPassingAsserts":2,"retryReasons":[],"status":"passed","title":"should respect probability parameter"},{"ancestorTitles":["SeededRNG","shuffle()"],"duration":0,"failureDetails":[],"failureMessages":[],"fullName":"SeededRNG shuffle() should preserve all elements","invocations":1,"location":null,"numPassingAsserts":2,"retryReasons":[],"status":"passed","title":"should preserve all elements"},{"ancestorTitles":["SeededRNG","shuffle()"],"duration":0,"failureDetails":[],"failureMessages":[],"fullName":"SeededRNG shuffle() should be deterministic","invocations":1,"location":null,"numPassingAsserts":1,"retryReasons":[],"status":"passed","title":"should be deterministic"},{"ancestorTitles":["SeededRNG","shuffle()"],"duration":0,"failureDetails":[],"failureMessages":[],"fullName":"SeededRNG shuffle() should not mutate original array","invocations":1,"location":null,"numPassingAsserts":1,"retryReasons":[],"status":"passed","title":"should not mutate original array"},{"ancestorTitles":["SeededRNG","fork()"],"duration":0,"failureDetails":[],"failureMessages":[],"fullName":"SeededRNG fork() should create independent RNG instances","invocations":1,"location":null,"numPassingAsserts":2,"retryReasons":[],"status":"passed","title":"should create independent RNG instances"},{"ancestorTitles":["SeededRNG","pick()"],"duration":7,"failureDetails":[],"failureMessages":[],"fullName":"SeededRNG pick() should only return elements from the array","invocations":1,"location":null,"numPassingAsserts":100,"retryReasons":[],"status":"passed","title":"should only return elements from the array"},{"ancestorTitles":["createMatchRNG"],"duration":1,"failureDetails":[],"failureMessages":[],"fullName":"createMatchRNG should create deterministic RNG from match seed","invocations":1,"location":null,"numPassingAsserts":2,"retryReasons":[],"status":"passed","title":"should create deterministic RNG from match seed"},{"ancestorTitles":["generateSeed"],"duration":0,"failureDetails":[],"failureMessages":[],"fullName":"generateSeed should produce a positive integer","invocations":1,"location":null,"numPassingAsserts":3,"retryReasons":[],"status":"passed","title":"should produce a positive integer"},{"ancestorTitles":["generateSeed"],"duration":2,"failureDetails":[],"failureMessages":[],"fullName":"generateSeed should produce valid seeds on successive calls","invocations":1,"location":null,"numPassingAsserts":31,"retryReasons":[],"status":"passed","title":"should produce valid seeds on successive calls"},{"ancestorTitles":["Match Simulation Determinism"],"duration":0,"failureDetails":[],"failureMessages":[],"fullName":"Match Simulation Determinism should produce identical match results from the same seed","invocations":1,"location":null,"numPassingAsserts":1,"retryReasons":[],"status":"passed","title":"should produce identical match results from the same seed"},{"ancestorTitles":["Economy Calculations"],"duration":0,"failureDetails":[],"failureMessages":[],"fullName":"Economy Calculations should correctly calculate that income minus expenses equals net","invocations":1,"location":null,"numPassingAsserts":1,"retryReasons":[],"status":"passed","title":"should correctly calculate that income minus expenses equals net"},{"ancestorTitles":["Economy Calculations"],"duration":1,"failureDetails":[],"failureMessages":[],"fullName":"Economy Calculations should calculate runway weeks correctly","invocations":1,"location":null,"numPassingAsserts":1,"retryReasons":[],"status":"passed","title":"should calculate runway weeks correctly"},{"ancestorTitles":["Economy Calculations"],"duration":0,"failureDetails":[],"failureMessages":[],"fullName":"Economy Calculations should determine financial state based on runway","invocations":1,"location":null,"numPassingAsserts":5,"retryReasons":[],"status":"passed","title":"should determine financial state based on runway"},{"ancestorTitles":["Player Age Decline Formula"],"duration":1,"failureDetails":[],"failureMessages":[],"fullName":"Player Age Decline Formula should not apply decline before age 27","invocations":1,"location":null,"numPassingAsserts":5,"retryReasons":[],"status":"passed","title":"should not apply decline before age 27"},{"ancestorTitles":["Player Age Decline Formula"],"duration":0,"failureDetails":[],"failureMessages":[],"fullName":"Player Age Decline Formula should apply gradual decline after age 27","invocations":1,"location":null,"numPassingAsserts":3,"retryReasons":[],"status":"passed","title":"should apply gradual decline after age 27"},{"ancestorTitles":["Player Age Decline Formula"],"duration":0,"failureDetails":[],"failureMessages":[],"fullName":"Player Age Decline Formula should cap decline at 0.03 per week","invocations":1,"location":null,"numPassingAsserts":2,"retryReasons":[],"status":"passed","title":"should cap decline at 0.03 per week"},{"ancestorTitles":["ELO Rating System"],"duration":0,"failureDetails":[],"failureMessages":[],"fullName":"ELO Rating System should increase winner ELO and decrease loser ELO","invocations":1,"location":null,"numPassingAsserts":2,"retryReasons":[],"status":"passed","title":"should increase winner ELO and decrease loser ELO"},{"ancestorTitles":["ELO Rating System"],"duration":0,"failureDetails":[],"failureMessages":[],"fullName":"ELO Rating System should give larger gains when beating higher-rated opponents","invocations":1,"location":null,"numPassingAsserts":1,"retryReasons":[],"status":"passed","title":"should give larger gains when beating higher-rated opponents"},{"ancestorTitles":["ELO Rating System"],"duration":0,"failureDetails":[],"failureMessages":[],"fullName":"ELO Rating System should classify tiers by ELO thresholds","invocations":1,"location":null,"numPassingAsserts":6,"retryReasons":[],"status":"passed","title":"should classify tiers by ELO thresholds"},{"ancestorTitles":["Critical Bug Fixes","RNG seed zero prevention"],"duration":9,"failureDetails":[],"failureMessages":[],"fullName":"Critical Bug Fixes RNG seed zero prevention generateSeed should never return 0","invocations":1,"location":null,"numPassingAsserts":200,"retryReasons":[],"status":"passed","title":"generateSeed should never return 0"},{"ancestorTitles":["Critical Bug Fixes","RNG seed zero prevention"],"duration":0,"failureDetails":[],"failureMessages":[],"fullName":"Critical Bug Fixes RNG seed zero prevention SeededRNG with seed 1 should produce valid output","invocations":1,"location":null,"numPassingAsserts":2,"retryReasons":[],"status":"passed","title":"SeededRNG with seed 1 should produce valid output"},{"ancestorTitles":["Critical Bug Fixes","Match economy - loss bonus addition"],"duration":0,"failureDetails":[],"failureMessages":[],"fullName":"Critical Bug Fixes Match economy - loss bonus addition loss bonus should add to existing cash, not replace it","invocations":1,"location":null,"numPassingAsserts":3,"retryReasons":[],"status":"passed","title":"loss bonus should add to existing cash, not replace it"},{"ancestorTitles":["Critical Bug Fixes","XP scaling consistency"],"duration":0,"failureDetails":[],"failureMessages":[],"fullName":"Critical Bug Fixes XP scaling consistency XP to next level should use 1.5x multiplier consistently","invocations":1,"location":null,"numPassingAsserts":1,"retryReasons":[],"status":"passed","title":"XP to next level should use 1.5x multiplier consistently"},{"ancestorTitles":["Critical Bug Fixes","ELO K-factors"],"duration":0,"failureDetails":[],"failureMessages":[],"fullName":"Critical Bug Fixes ELO K-factors top 10 teams should have K >= 12","invocations":1,"location":null,"numPassingAsserts":1,"retryReasons":[],"status":"passed","title":"top 10 teams should have K >= 12"},{"ancestorTitles":["Critical Bug Fixes","ELO K-factors"],"duration":1,"failureDetails":[],"failureMessages":[],"fullName":"Critical Bug Fixes ELO K-factors calibration K should be high enough for new teams","invocations":1,"location":null,"numPassingAsserts":1,"retryReasons":[],"status":"passed","title":"calibration K should be high enough for new teams"},{"ancestorTitles":["Critical Bug Fixes","Manager reputation scale"],"duration":0,"failureDetails":[],"failureMessages":[],"fullName":"Critical Bug Fixes Manager reputation scale team rep tiers should use 0-100 scale","invocations":1,"location":null,"numPassingAsserts":3,"retryReasons":[],"status":"passed","title":"team rep tiers should use 0-100 scale"},{"ancestorTitles":["Critical Bug Fixes","Drill stat gains use actual values"],"duration":0,"failureDetails":[],"failureMessages":[],"fullName":"Critical Bug Fixes Drill stat gains use actual values stat gain should use gain.value not hardcoded 0.1","invocations":1,"location":null,"numPassingAsserts":2,"retryReasons":[],"status":"passed","title":"stat gain should use gain.value not hardcoded 0.1"},{"ancestorTitles":["Critical Bug Fixes","Match fatigue scaling by format"],"duration":1,"failureDetails":[],"failureMessages":[],"fullName":"Critical Bug Fixes Match fatigue scaling by format BO5 should cause more fatigue than BO1","invocations":1,"location":null,"numPassingAsserts":2,"retryReasons":[],"status":"passed","title":"BO5 should cause more fatigue than BO1"},{"ancestorTitles":["Release Readiness Fixes (Feb 2026)","Fix 1.1: BO5 match support in MatchEngine"],"duration":0,"failureDetails":[],"failureMessages":[],"fullName":"Release Readiness Fixes (Feb 2026) Fix 1.1: BO5 match support in MatchEngine should resolve numMaps to 5 for BO5 format","invocations":1,"location":null,"numPassingAsserts":1,"retryReasons":[],"status":"passed","title":"should resolve numMaps to 5 for BO5 format"},{"ancestorTitles":["Release Readiness Fixes (Feb 2026)","Fix 1.1: BO5 match support in MatchEngine"],"duration":0,"failureDetails":[],"failureMessages":[],"fullName":"Release Readiness Fixes (Feb 2026) Fix 1.1: BO5 match support in MatchEngine should resolve numMaps to 3 for BO3 format","invocations":1,"location":null,"numPassingAsserts":1,"retryReasons":[],"status":"passed","title":"should resolve numMaps to 3 for BO3 format"},{"ancestorTitles":["Release Readiness Fixes (Feb 2026)","Fix 1.1: BO5 match support in MatchEngine"],"duration":0,"failureDetails":[],"failureMessages":[],"fullName":"Release Readiness Fixes (Feb 2026) Fix 1.1: BO5 match support in MatchEngine BO5 early exit should trigger at 3 wins","invocations":1,"location":null,"numPassingAsserts":2,"retryReasons":[],"status":"passed","title":"BO5 early exit should trigger at 3 wins"},{"ancestorTitles":["Release Readiness Fixes (Feb 2026)","Fix 1.2: BO5 win condition in live matches"],"duration":0,"failureDetails":[],"failureMessages":[],"fullName":"Release Readiness Fixes (Feb 2026) Fix 1.2: BO5 win condition in live matches should need 3 map wins for BO5 series","invocations":1,"location":null,"numPassingAsserts":1,"retryReasons":[],"status":"passed","title":"should need 3 map wins for BO5 series"},{"ancestorTitles":["Release Readiness Fixes (Feb 2026)","Fix 1.2: BO5 win condition in live matches"],"duration":0,"failureDetails":[],"failureMessages":[],"fullName":"Release Readiness Fixes (Feb 2026) Fix 1.2: BO5 win condition in live matches should need 2 map wins for BO3 series","invocations":1,"location":null,"numPassingAsserts":1,"retryReasons":[],"status":"passed","title":"should need 2 map wins for BO3 series"},{"ancestorTitles":["Release Readiness Fixes (Feb 2026)","Fix 1.3: Pre-season transfer reputation threshold"],"duration":0,"failureDetails":[],"failureMessages":[],"fullName":"Release Readiness Fixes (Feb 2026) Fix 1.3: Pre-season transfer reputation threshold reputation threshold should be on 0-100 scale","invocations":1,"location":null,"numPassingAsserts":1,"retryReasons":[],"status":"passed","title":"reputation threshold should be on 0-100 scale"},{"ancestorTitles":["Release Readiness Fixes (Feb 2026)","Fix 1.3: Pre-season transfer reputation threshold"],"duration":0,"failureDetails":[],"failureMessages":[],"fullName":"Release Readiness Fixes (Feb 2026) Fix 1.3: Pre-season transfer reputation threshold team with rep 80 should qualify for prestige bonus","invocations":1,"location":null,"numPassingAsserts":1,"retryReasons":[],"status":"passed","title":"team with rep 80 should qualify for prestige bonus"},{"ancestorTitles":["Release Readiness Fixes (Feb 2026)","Fix 1.3: Pre-season transfer reputation threshold"],"duration":0,"failureDetails":[],"failureMessages":[],"fullName":"Release Readiness Fixes (Feb 2026) Fix 1.3: Pre-season transfer reputation threshold team with rep 30 should NOT qualify","invocations":1,"location":null,"numPassingAsserts":1,"retryReasons":[],"status":"passed","title":"team with rep 30 should NOT qualify"},{"ancestorTitles":["Release Readiness Fixes (Feb 2026)","Fix 1.4: Buy phase cash floor"],"duration":0,"failureDetails":[],"failureMessages":[],"fullName":"Release Readiness Fixes (Feb 2026) Fix 1.4: Buy phase cash floor cash should never go negative after buy phase","invocations":1,"location":null,"numPassingAsserts":2,"retryReasons":[],"status":"passed","title":"cash should never go negative after buy phase"},{"ancestorTitles":["Release Readiness Fixes (Feb 2026)","Fix 1.4: Buy phase cash floor"],"duration":1,"failureDetails":[],"failureMessages":[],"fullName":"Release Readiness Fixes (Feb 2026) Fix 1.4: Buy phase cash floor armor/kit skipped when cash insufficient","invocations":1,"location":null,"numPassingAsserts":2,"retryReasons":[],"status":"passed","title":"armor/kit skipped when cash insufficient"},{"ancestorTitles":["Release Readiness Fixes (Feb 2026)","Fix 1.5: Deterministic job transition event ID"],"duration":0,"failureDetails":[],"failureMessages":[],"fullName":"Release Readiness Fixes (Feb 2026) Fix 1.5: Deterministic job transition event ID should generate deterministic ID from week and team","invocations":1,"location":null,"numPassingAsserts":1,"retryReasons":[],"status":"passed","title":"should generate deterministic ID from week and team"},{"ancestorTitles":["Release Readiness Fixes (Feb 2026)","Fix 1.7: Youth prospect stat names"],"duration":0,"failureDetails":[],"failureMessages":[],"fullName":"Release Readiness Fixes (Feb 2026) Fix 1.7: Youth prospect stat names should use standard player stat field names","invocations":1,"location":null,"numPassingAsserts":8,"retryReasons":[],"status":"passed","title":"should use standard player stat field names"},{"ancestorTitles":["Release Readiness Fixes (Feb 2026)","Fix 2.1: Fan income rate consistency"],"duration":0,"failureDetails":[],"failureMessages":[],"fullName":"Release Readiness Fixes (Feb 2026) Fix 2.1: Fan income rate consistency rate mismatch would cause 33% overstatement","invocations":1,"location":null,"numPassingAsserts":1,"retryReasons":[],"status":"passed","title":"rate mismatch would cause 33% overstatement"},{"ancestorTitles":["Release Readiness Fixes (Feb 2026)","Fix 2.6: Staff tactical bonus in tournament matches"],"duration":1,"failureDetails":[],"failureMessages":[],"fullName":"Release Readiness Fixes (Feb 2026) Fix 2.6: Staff tactical bonus in tournament matches coach level 3 should give tactical bonus of 6","invocations":1,"location":null,"numPassingAsserts":1,"retryReasons":[],"status":"passed","title":"coach level 3 should give tactical bonus of 6"},{"ancestorTitles":["Release Readiness Fixes (Feb 2026)","Fix 2.6: Staff tactical bonus in tournament matches"],"duration":0,"failureDetails":[],"failureMessages":[],"fullName":"Release Readiness Fixes (Feb 2026) Fix 2.6: Staff tactical bonus in tournament matches no coach should give 0 bonus","invocations":1,"location":null,"numPassingAsserts":1,"retryReasons":[],"status":"passed","title":"no coach should give 0 bonus"},{"ancestorTitles":["Release Readiness Fixes (Feb 2026)","Fix 3.2: Salary tier multiplier applied"],"duration":0,"failureDetails":[],"failureMessages":[],"fullName":"Release Readiness Fixes (Feb 2026) Fix 3.2: Salary tier multiplier applied tierMult should affect salary calculation","invocations":1,"location":null,"numPassingAsserts":3,"retryReasons":[],"status":"passed","title":"tierMult should affect salary calculation"},{"ancestorTitles":["Release Readiness - Integration Tests","DataGenerator determinism"],"duration":1,"failureDetails":[],"failureMessages":[],"fullName":"Release Readiness - Integration Tests DataGenerator determinism should produce identical players from the same seed","invocations":1,"location":null,"numPassingAsserts":9,"retryReasons":[],"status":"passed","title":"should produce identical players from the same seed"},{"ancestorTitles":["Release Readiness - Integration Tests","RNG.pick() empty array guard"],"duration":22,"failureDetails":[],"failureMessages":[],"fullName":"Release Readiness - Integration Tests RNG.pick() empty array guard should throw an error when called with an empty array","invocations":1,"location":null,"numPassingAsserts":1,"retryReasons":[],"status":"passed","title":"should throw an error when called with an empty array"},{"ancestorTitles":["Release Readiness - Integration Tests","RNG.pick() empty array guard"],"duration":1,"failureDetails":[],"failureMessages":[],"fullName":"Release Readiness - Integration Tests RNG.pick() empty array guard should not throw when called with a non-empty array","invocations":1,"location":null,"numPassingAsserts":1,"retryReasons":[],"status":"passed","title":"should not throw when called with a non-empty array"},{"ancestorTitles":["Release Readiness - Integration Tests","Match engine zero-rounds stats"],"duration":1,"failureDetails":[],"failureMessages":[],"fullName":"Release Readiness - Integration Tests Match engine zero-rounds stats ADR and KAST should be 0 (not NaN/Infinity) when no rounds are played","invocations":1,"location":null,"numPassingAsserts":10,"retryReasons":[],"status":"passed","title":"ADR and KAST should be 0 (not NaN/Infinity) when no rounds are played"},{"ancestorTitles":["Release Readiness - Integration Tests","TournamentManager resolveCompletedWinner null result handling"],"duration":1,"failureDetails":[],"failureMessages":[],"fullName":"Release Readiness - Integration Tests TournamentManager resolveCompletedWinner null result handling should return undefined when result is null/undefined","invocations":1,"location":null,"numPassingAsserts":5,"retryReasons":[],"status":"passed","title":"should return undefined when result is null/undefined"},{"ancestorTitles":["Bug Fix Regressions (Comprehensive Audit)","Fix: Fan income NaN guard (economy-engine.ts)"],"duration":0,"failureDetails":[],"failureMessages":[],"fullName":"Bug Fix Regressions (Comprehensive Audit) Fix: Fan income NaN guard (economy-engine.ts) should return 0 income when followers and fanbase are both 0","invocations":1,"location":null,"numPassingAsserts":2,"retryReasons":[],"status":"passed","title":"should return 0 income when followers and fanbase are both 0"},{"ancestorTitles":["Bug Fix Regressions (Comprehensive Audit)","Fix: Fan income NaN guard (economy-engine.ts)"],"duration":0,"failureDetails":[],"failureMessages":[],"fullName":"Bug Fix Regressions (Comprehensive Audit) Fix: Fan income NaN guard (economy-engine.ts) should use followers when available, not fallback","invocations":1,"location":null,"numPassingAsserts":1,"retryReasons":[],"status":"passed","title":"should use followers when available, not fallback"},{"ancestorTitles":["Bug Fix Regressions (Comprehensive Audit)","Fix: Fan income NaN guard (economy-engine.ts)"],"duration":0,"failureDetails":[],"failureMessages":[],"fullName":"Bug Fix Regressions (Comprehensive Audit) Fix: Fan income NaN guard (economy-engine.ts) should fallback to fanbase * 7 when followers is undefined","invocations":1,"location":null,"numPassingAsserts":1,"retryReasons":[],"status":"passed","title":"should fallback to fanbase * 7 when followers is undefined"},{"ancestorTitles":["Bug Fix Regressions (Comprehensive Audit)","Fix: Elo tie-breaking stability (league-engine.ts)"],"duration":0,"failureDetails":[],"failureMessages":[],"fullName":"Bug Fix Regressions (Comprehensive Audit) Fix: Elo tie-breaking stability (league-engine.ts) equal Elo teams should sort stably by reputation then ID","invocations":1,"location":null,"numPassingAsserts":4,"retryReasons":[],"status":"passed","title":"equal Elo teams should sort stably by reputation then ID"},{"ancestorTitles":["Bug Fix Regressions (Comprehensive Audit)","Fix: Drill skill capping (drill-manager.ts)"],"duration":1,"failureDetails":[],"failureMessages":[],"fullName":"Bug Fix Regressions (Comprehensive Audit) Fix: Drill skill capping (drill-manager.ts) skill 100 player should not auto-pass difficulty 80 drills","invocations":1,"location":null,"numPassingAsserts":3,"retryReasons":[],"status":"passed","title":"skill 100 player should not auto-pass difficulty 80 drills"},{"ancestorTitles":["Bug Fix Regressions (Comprehensive Audit)","Fix: Drill skill capping (drill-manager.ts)"],"duration":0,"failureDetails":[],"failureMessages":[],"fullName":"Bug Fix Regressions (Comprehensive Audit) Fix: Drill skill capping (drill-manager.ts) skill 50 player gets proportional bonus","invocations":1,"location":null,"numPassingAsserts":1,"retryReasons":[],"status":"passed","title":"skill 50 player gets proportional bonus"},{"ancestorTitles":["Bug Fix Regressions (Comprehensive Audit)","Fix: RNG fork seed bounds (rng.ts)"],"duration":9,"failureDetails":[],"failureMessages":[],"fullName":"Bug Fix Regressions (Comprehensive Audit) Fix: RNG fork seed bounds (rng.ts) forked RNG should have seed in valid range","invocations":1,"location":null,"numPassingAsserts":200,"retryReasons":[],"status":"passed","title":"forked RNG should have seed in valid range"},{"ancestorTitles":["Bug Fix Regressions (Comprehensive Audit)","Fix: Transfer history unique IDs"],"duration":0,"failureDetails":[],"failureMessages":[],"fullName":"Bug Fix Regressions (Comprehensive Audit) Fix: Transfer history unique IDs same-week same-player transfers to different teams get unique IDs","invocations":1,"location":null,"numPassingAsserts":1,"retryReasons":[],"status":"passed","title":"same-week same-player transfers to different teams get unique IDs"},{"ancestorTitles":["Bug Fix Regressions (Comprehensive Audit)","Fix: Morale recovery rate (player-lifecycle.ts)"],"duration":1,"failureDetails":[],"failureMessages":[],"fullName":"Bug Fix Regressions (Comprehensive Audit) Fix: Morale recovery rate (player-lifecycle.ts) low morale should recover slowly (0.05 base step)","invocations":1,"location":null,"numPassingAsserts":2,"retryReasons":[],"status":"passed","title":"low morale should recover slowly (0.05 base step)"},{"ancestorTitles":["Bug Fix Regressions (Comprehensive Audit)","Fix: Tournament calendar week wrap-around"],"duration":0,"failureDetails":[],"failureMessages":[],"fullName":"Bug Fix Regressions (Comprehensive Audit) Fix: Tournament calendar week wrap-around should handle tournaments spanning season boundary","invocations":1,"location":null,"numPassingAsserts":1,"retryReasons":[],"status":"passed","title":"should handle tournaments spanning season boundary"},{"ancestorTitles":["Bug Fix Regressions (Comprehensive Audit)","Fix: Tournament calendar week wrap-around"],"duration":0,"failureDetails":[],"failureMessages":[],"fullName":"Bug Fix Regressions (Comprehensive Audit) Fix: Tournament calendar week wrap-around should not match weeks outside tournament range","invocations":1,"location":null,"numPassingAsserts":1,"retryReasons":[],"status":"passed","title":"should not match weeks outside tournament range"},{"ancestorTitles":["OVR Balance (player-evaluation)"],"duration":1,"failureDetails":[],"failureMessages":[],"fullName":"OVR Balance (player-evaluation) elite player (ZywOo-like) with high prestige should have OVR >= 75","invocations":1,"location":null,"numPassingAsserts":1,"retryReasons":[],"status":"passed","title":"elite player (ZywOo-like) with high prestige should have OVR >= 75"},{"ancestorTitles":["OVR Balance (player-evaluation)"],"duration":0,"failureDetails":[],"failureMessages":[],"fullName":"OVR Balance (player-evaluation) academy player with low prestige should have OVR < 50","invocations":1,"location":null,"numPassingAsserts":1,"retryReasons":[],"status":"passed","title":"academy player with low prestige should have OVR < 50"},{"ancestorTitles":["OVR Balance (player-evaluation)"],"duration":0,"failureDetails":[],"failureMessages":[],"fullName":"OVR Balance (player-evaluation) elite OVR should exceed academy OVR by at least 25 points","invocations":1,"location":null,"numPassingAsserts":1,"retryReasons":[],"status":"passed","title":"elite OVR should exceed academy OVR by at least 25 points"},{"ancestorTitles":["OVR Balance (player-evaluation)"],"duration":0,"failureDetails":[],"failureMessages":[],"fullName":"OVR Balance (player-evaluation) generated prospect with no prestige should not exceed OVR 55","invocations":1,"location":null,"numPassingAsserts":1,"retryReasons":[],"status":"passed","title":"generated prospect with no prestige should not exceed OVR 55"},{"ancestorTitles":["OVR Balance (player-evaluation)"],"duration":0,"failureDetails":[],"failureMessages":[],"fullName":"OVR Balance (player-evaluation) futureValue should NOT inflate OVR for young players","invocations":1,"location":null,"numPassingAsserts":1,"retryReasons":[],"status":"passed","title":"futureValue should NOT inflate OVR for young players"},{"ancestorTitles":["Comprehensive Audit Fixes (Feb 2026)","Fix: Headshot formula /100 scale (match-simulation.ts)"],"duration":0,"failureDetails":[],"failureMessages":[],"fullName":"Comprehensive Audit Fixes (Feb 2026) Fix: Headshot formula /100 scale (match-simulation.ts) rifle HS chance for skill-100 player should be <= 0.60","invocations":1,"location":null,"numPassingAsserts":2,"retryReasons":[],"status":"passed","title":"rifle HS chance for skill-100 player should be <= 0.60"},{"ancestorTitles":["Comprehensive Audit Fixes (Feb 2026)","Fix: Headshot formula /100 scale (match-simulation.ts)"],"duration":1,"failureDetails":[],"failureMessages":[],"fullName":"Comprehensive Audit Fixes (Feb 2026) Fix: Headshot formula /100 scale (match-simulation.ts) SMG/pistol HS chance for skill-100 player should be <= 0.35","invocations":1,"location":null,"numPassingAsserts":2,"retryReasons":[],"status":"passed","title":"SMG/pistol HS chance for skill-100 player should be <= 0.35"},{"ancestorTitles":["Comprehensive Audit Fixes (Feb 2026)","Fix: Headshot formula /100 scale (match-simulation.ts)"],"duration":0,"failureDetails":[],"failureMessages":[],"fullName":"Comprehensive Audit Fixes (Feb 2026) Fix: Headshot formula /100 scale (match-simulation.ts) old /20 formula would have given 180% HS rate (the bug)","invocations":1,"location":null,"numPassingAsserts":2,"retryReasons":[],"status":"passed","title":"old /20 formula would have given 180% HS rate (the bug)"},{"ancestorTitles":["Comprehensive Audit Fixes (Feb 2026)","Fix: Skill factor /100 scale (match-simulation.ts)"],"duration":0,"failureDetails":[],"failureMessages":[],"fullName":"Comprehensive Audit Fixes (Feb 2026) Fix: Skill factor /100 scale (match-simulation.ts) skill-100 player should have skillFactor of 1.0, not 5.0","invocations":1,"location":null,"numPassingAsserts":2,"retryReasons":[],"status":"passed","title":"skill-100 player should have skillFactor of 1.0, not 5.0"},{"ancestorTitles":["Comprehensive Audit Fixes (Feb 2026)","Fix: Skill factor /100 scale (match-simulation.ts)"],"duration":0,"failureDetails":[],"failureMessages":[],"fullName":"Comprehensive Audit Fixes (Feb 2026) Fix: Skill factor /100 scale (match-simulation.ts) skill-50 player should have skillFactor of 0.5","invocations":1,"location":null,"numPassingAsserts":1,"retryReasons":[],"status":"passed","title":"skill-50 player should have skillFactor of 0.5"},{"ancestorTitles":["Comprehensive Audit Fixes (Feb 2026)","Fix: Teamwork trading bonus /100 scale (match-simulation.ts)"],"duration":0,"failureDetails":[],"failureMessages":[],"fullName":"Comprehensive Audit Fixes (Feb 2026) Fix: Teamwork trading bonus /100 scale (match-simulation.ts) teamwork-100 should give max +20% bonus, not +100%","invocations":1,"location":null,"numPassingAsserts":2,"retryReasons":[],"status":"passed","title":"teamwork-100 should give max +20% bonus, not +100%"},{"ancestorTitles":["Comprehensive Audit Fixes (Feb 2026)","Fix: Reaction death weight /100 scale (match-simulation.ts)"],"duration":0,"failureDetails":[],"failureMessages":[],"fullName":"Comprehensive Audit Fixes (Feb 2026) Fix: Reaction death weight /100 scale (match-simulation.ts) reaction-100 should give max 1.3x, not 2.5x","invocations":1,"location":null,"numPassingAsserts":2,"retryReasons":[],"status":"passed","title":"reaction-100 should give max 1.3x, not 2.5x"},{"ancestorTitles":["Comprehensive Audit Fixes (Feb 2026)","Fix: Clutch zero-weight selection (match-simulation.ts)"],"duration":1,"failureDetails":[],"failureMessages":[],"fullName":"Comprehensive Audit Fixes (Feb 2026) Fix: Clutch zero-weight selection (match-simulation.ts) all-zero clutch stats should distribute uniformly, not always pick index 0","invocations":1,"location":null,"numPassingAsserts":3,"retryReasons":[],"status":"passed","title":"all-zero clutch stats should distribute uniformly, not always pick index 0"},{"ancestorTitles":["Comprehensive Audit Fixes (Feb 2026)","Fix: Seed validation before RNG creation (match-simulation.ts)"],"duration":0,"failureDetails":[],"failureMessages":[],"fullName":"Comprehensive Audit Fixes (Feb 2026) Fix: Seed validation before RNG creation (match-simulation.ts) NaN seed should fall back to valid seed","invocations":1,"location":null,"numPassingAsserts":1,"retryReasons":[],"status":"passed","title":"NaN seed should fall back to valid seed"},{"ancestorTitles":["Comprehensive Audit Fixes (Feb 2026)","Fix: Seed validation before RNG creation (match-simulation.ts)"],"duration":0,"failureDetails":[],"failureMessages":[],"fullName":"Comprehensive Audit Fixes (Feb 2026) Fix: Seed validation before RNG creation (match-simulation.ts) undefined seed should fall back to valid seed","invocations":1,"location":null,"numPassingAsserts":1,"retryReasons":[],"status":"passed","title":"undefined seed should fall back to valid seed"},{"ancestorTitles":["Comprehensive Audit Fixes (Feb 2026)","Fix: Seed validation before RNG creation (match-simulation.ts)"],"duration":0,"failureDetails":[],"failureMessages":[],"fullName":"Comprehensive Audit Fixes (Feb 2026) Fix: Seed validation before RNG creation (match-simulation.ts) negative seed should fall back to valid seed","invocations":1,"location":null,"numPassingAsserts":1,"retryReasons":[],"status":"passed","title":"negative seed should fall back to valid seed"},{"ancestorTitles":["Comprehensive Audit Fixes (Feb 2026)","Fix: Seed validation before RNG creation (match-simulation.ts)"],"duration":0,"failureDetails":[],"failureMessages":[],"fullName":"Comprehensive Audit Fixes (Feb 2026) Fix: Seed validation before RNG creation (match-simulation.ts) valid seed should be used as-is","invocations":1,"location":null,"numPassingAsserts":1,"retryReasons":[],"status":"passed","title":"valid seed should be used as-is"},{"ancestorTitles":["Comprehensive Audit Fixes (Feb 2026)","Fix: Man advantage death floor (match-simulation.ts)"],"duration":0,"failureDetails":[],"failureMessages":[],"fullName":"Comprehensive Audit Fixes (Feb 2026) Fix: Man advantage death floor (match-simulation.ts) 5v1 advantage should not reduce death weight below 5%","invocations":1,"location":null,"numPassingAsserts":2,"retryReasons":[],"status":"passed","title":"5v1 advantage should not reduce death weight below 5%"},{"ancestorTitles":["Comprehensive Audit Fixes (Feb 2026)","Fix: Man advantage death floor (match-simulation.ts)"],"duration":0,"failureDetails":[],"failureMessages":[],"fullName":"Comprehensive Audit Fixes (Feb 2026) Fix: Man advantage death floor (match-simulation.ts) old formula would floor at 2% making clutches impossible","invocations":1,"location":null,"numPassingAsserts":1,"retryReasons":[],"status":"passed","title":"old formula would floor at 2% making clutches impossible"},{"ancestorTitles":["Comprehensive Audit Fixes (Feb 2026)","Fix: Equipment power scaling (match-simulation.ts)"],"duration":0,"failureDetails":[],"failureMessages":[],"fullName":"Comprehensive Audit Fixes (Feb 2026) Fix: Equipment power scaling (match-simulation.ts) 500 equip power gap should shift win probability by ~6.25%","invocations":1,"location":null,"numPassingAsserts":1,"retryReasons":[],"status":"passed","title":"500 equip power gap should shift win probability by ~6.25%"},{"ancestorTitles":["Comprehensive Audit Fixes (Feb 2026)","Fix: Equipment power scaling (match-simulation.ts)"],"duration":0,"failureDetails":[],"failureMessages":[],"fullName":"Comprehensive Audit Fixes (Feb 2026) Fix: Equipment power scaling (match-simulation.ts) old /200 divisor made buy rounds nearly irrelevant","invocations":1,"location":null,"numPassingAsserts":1,"retryReasons":[],"status":"passed","title":"old /200 divisor made buy rounds nearly irrelevant"},{"ancestorTitles":["Comprehensive Audit Fixes (Feb 2026)","Fix: World ranking numeric tiebreaker (league-engine.ts)"],"duration":0,"failureDetails":[],"failureMessages":[],"fullName":"Comprehensive Audit Fixes (Feb 2026) Fix: World ranking numeric tiebreaker (league-engine.ts) team_10 should sort after team_9 (not before as with localeCompare)","invocations":1,"location":null,"numPassingAsserts":2,"retryReasons":[],"status":"passed","title":"team_10 should sort after team_9 (not before as with localeCompare)"},{"ancestorTitles":["Comprehensive Audit Fixes (Feb 2026)","Fix: Fan income double multiplier (economy-engine.ts)"],"duration":1,"failureDetails":[],"failureMessages":[],"fullName":"Comprehensive Audit Fixes (Feb 2026) Fix: Fan income double multiplier (economy-engine.ts) fansMultiplier should NOT be applied in income calculation","invocations":1,"location":null,"numPassingAsserts":2,"retryReasons":[],"status":"passed","title":"fansMultiplier should NOT be applied in income calculation"},{"ancestorTitles":["Comprehensive Audit Fixes (Feb 2026)","Fix: Drill bonus cap 50 (drill-manager.ts)"],"duration":0,"failureDetails":[],"failureMessages":[],"fullName":"Comprehensive Audit Fixes (Feb 2026) Fix: Drill bonus cap 50 (drill-manager.ts) max bonus at skill 100 should be 50, not capped at 40","invocations":1,"location":null,"numPassingAsserts":1,"retryReasons":[],"status":"passed","title":"max bonus at skill 100 should be 50, not capped at 40"},{"ancestorTitles":["Comprehensive Audit Fixes (Feb 2026)","Fix: Drill bonus cap 50 (drill-manager.ts)"],"duration":0,"failureDetails":[],"failureMessages":[],"fullName":"Comprehensive Audit Fixes (Feb 2026) Fix: Drill bonus cap 50 (drill-manager.ts) old cap at 40 penalized high-skill players","invocations":1,"location":null,"numPassingAsserts":1,"retryReasons":[],"status":"passed","title":"old cap at 40 penalized high-skill players"}],"endTime":1789343386051,"message":"","name":"C:\\Users\\IsacC\\EsportSimulator\\__tests__\\engine.test.ts","startTime":1789343385039,"status":"passed","summary":""},{"assertionResults":[{"ancestorTitles":[],"duration":144,"failureDetails":[],"failureMessages":[],"fullName":"full application coordinator replays seed 0 after a JSON reload","invocations":1,"location":null,"numPassingAsserts":6,"retryReasons":[],"status":"passed","title":"full application coordinator replays seed 0 after a JSON reload"},{"ancestorTitles":[],"duration":87,"failureDetails":[],"failureMessages":[],"fullName":"full application coordinator replays seed 3402 after a JSON reload","invocations":1,"location":null,"numPassingAsserts":6,"retryReasons":[],"status":"passed","title":"full application coordinator replays seed 3402 after a JSON reload"}],"endTime":1789343386586,"message":"","name":"C:\\Users\\IsacC\\EsportSimulator\\__tests__\\week-coordinator-replay.test.ts","startTime":1789343386055,"status":"passed","summary":""},{"assertionResults":[{"ancestorTitles":[],"duration":0,"failureDetails":[],"failureMessages":[],"fullName":"triangle normals oppose both ray directions and remain normalized","invocations":1,"location":null,"numPassingAsserts":2,"retryReasons":[],"status":"passed","title":"triangle normals oppose both ray directions and remain normalized"},{"ancestorTitles":[],"duration":12,"failureDetails":[],"failureMessages":[],"fullName":"smoke travels, bounces and detonates once; inventory is consumed once","invocations":1,"location":null,"numPassingAsserts":6,"retryReasons":[],"status":"passed","title":"smoke travels, bounces and detonates once; inventory is consumed once"},{"ancestorTitles":[],"duration":13,"failureDetails":[],"failureMessages":[],"fullName":"flash travels, bounces and detonates once; inventory is consumed once","invocations":1,"location":null,"numPassingAsserts":6,"retryReasons":[],"status":"passed","title":"flash travels, bounces and detonates once; inventory is consumed once"},{"ancestorTitles":[],"duration":11,"failureDetails":[],"failureMessages":[],"fullName":"he travels, bounces and detonates once; inventory is consumed once","invocations":1,"location":null,"numPassingAsserts":6,"retryReasons":[],"status":"passed","title":"he travels, bounces and detonates once; inventory is consumed once"},{"ancestorTitles":[],"duration":6,"failureDetails":[],"failureMessages":[],"fullName":"fire travels, bounces and detonates once; inventory is consumed once","invocations":1,"location":null,"numPassingAsserts":6,"retryReasons":[],"status":"passed","title":"fire travels, bounces and detonates once; inventory is consumed once"},{"ancestorTitles":[],"duration":11,"failureDetails":[],"failureMessages":[],"fullName":"decoy travels, bounces and detonates once; inventory is consumed once","invocations":1,"location":null,"numPassingAsserts":6,"retryReasons":[],"status":"passed","title":"decoy travels, bounces and detonates once; inventory is consumed once"},{"ancestorTitles":[],"duration":9,"failureDetails":[],"failureMessages":[],"fullName":"an unequipped or repeated throw is rejected without negative inventory","invocations":1,"location":null,"numPassingAsserts":3,"retryReasons":[],"status":"passed","title":"an unequipped or repeated throw is rejected without negative inventory"},{"ancestorTitles":[],"duration":1,"failureDetails":[],"failureMessages":[],"fullName":"dead throwers and blocked release positions do not spend inventory","invocations":1,"location":null,"numPassingAsserts":4,"retryReasons":[],"status":"passed","title":"dead throwers and blocked release positions do not spend inventory"},{"ancestorTitles":[],"duration":18,"failureDetails":[],"failureMessages":[],"fullName":"bounce reflection does not tunnel through a wall even at running throw speed","invocations":1,"location":null,"numPassingAsserts":2,"retryReasons":[],"status":"passed","title":"bounce reflection does not tunnel through a wall even at running throw speed"},{"ancestorTitles":[],"duration":9,"failureDetails":[],"failureMessages":[],"fullName":"missing floor or collision normals produces a failed trajectory, not a fabricated landing","invocations":1,"location":null,"numPassingAsserts":3,"retryReasons":[],"status":"passed","title":"missing floor or collision normals produces a failed trajectory, not a fabricated landing"},{"ancestorTitles":[],"duration":1,"failureDetails":[],"failureMessages":[],"fullName":"smoke is confined by walls and floors and expires without becoming bullet geometry","invocations":1,"location":null,"numPassingAsserts":7,"retryReasons":[],"status":"passed","title":"smoke is confined by walls and floors and expires without becoming bullet geometry"},{"ancestorTitles":[],"duration":0,"failureDetails":[],"failureMessages":[],"fullName":"flash exposure decreases when looking away and is zero behind opaque geometry","invocations":1,"location":null,"numPassingAsserts":3,"retryReasons":[],"status":"passed","title":"flash exposure decreases when looking away and is zero behind opaque geometry"},{"ancestorTitles":[],"duration":0,"failureDetails":[],"failureMessages":[],"fullName":"HE damage falls off with range and respects complete wall and floor cover","invocations":1,"location":null,"numPassingAsserts":3,"retryReasons":[],"status":"passed","title":"HE damage falls off with range and respects complete wall and floor cover"},{"ancestorTitles":[],"duration":10,"failureDetails":[],"failureMessages":[],"fullName":"fire cells remain supported and do not spread through a wall or onto another floor","invocations":1,"location":null,"numPassingAsserts":5,"retryReasons":[],"status":"passed","title":"fire cells remain supported and do not spread through a wall or onto another floor"},{"ancestorTitles":[],"duration":75,"failureDetails":[],"failureMessages":[],"fullName":"smoke interrupts encounter perception and sight returns after expiry","invocations":1,"location":null,"numPassingAsserts":3,"retryReasons":[],"status":"passed","title":"smoke interrupts encounter perception and sight returns after expiry"},{"ancestorTitles":[],"duration":19,"failureDetails":[],"failureMessages":[],"fullName":"flash blinds actual actors and prevents shots during the effect","invocations":1,"location":null,"numPassingAsserts":3,"retryReasons":[],"status":"passed","title":"flash blinds actual actors and prevents shots during the effect"},{"ancestorTitles":[],"duration":51,"failureDetails":[],"failureMessages":[],"fullName":"HE and fire alter authoritative health; effects continue after a utility death","invocations":1,"location":null,"numPassingAsserts":4,"retryReasons":[],"status":"passed","title":"HE and fire alter authoritative health; effects continue after a utility death"},{"ancestorTitles":[],"duration":25,"failureDetails":[],"failureMessages":[],"fullName":"decoy gives an uncertain gunfire cue and turns a distracted opponent without leaking thrower coordinates","invocations":1,"location":null,"numPassingAsserts":4,"retryReasons":[],"status":"passed","title":"decoy gives an uncertain gunfire cue and turns a distracted opponent without leaking thrower coordinates"},{"ancestorTitles":[],"duration":16,"failureDetails":[],"failureMessages":[],"fullName":"target and bounce checks report mismatches and do not certify source lineups","invocations":1,"location":null,"numPassingAsserts":2,"retryReasons":[],"status":"passed","title":"target and bounce checks report mismatches and do not certify source lineups"},{"ancestorTitles":[],"duration":23,"failureDetails":[],"failureMessages":[],"fullName":"repeated decoy pulses refresh expiry without restarting a slow reaction","invocations":1,"location":null,"numPassingAsserts":4,"retryReasons":[],"status":"passed","title":"repeated decoy pulses refresh expiry without restarting a slow reaction"},{"ancestorTitles":[],"duration":198,"failureDetails":[],"failureMessages":[],"fullName":"utility encounter replay is repeatable and does not mutate portable input","invocations":1,"location":null,"numPassingAsserts":2,"retryReasons":[],"status":"passed","title":"utility encounter replay is repeatable and does not mutate portable input"},{"ancestorTitles":[],"duration":21,"failureDetails":[],"failureMessages":[],"fullName":"portable utility setup survives lab serialization and rejects invalid budgets and coordinates","invocations":1,"location":null,"numPassingAsserts":5,"retryReasons":[],"status":"passed","title":"portable utility setup survives lab serialization and rejects invalid budgets and coordinates"}],"endTime":1789343387164,"message":"","name":"C:\\Users\\IsacC\\EsportSimulator\\__tests__\\spatial-utility.test.ts","startTime":1789343386590,"status":"passed","summary":""},{"assertionResults":[{"ancestorTitles":["spatial foundation"],"duration":1,"failureDetails":[],"failureMessages":[],"fullName":"spatial foundation keeps overlapping floors distinct and rejects missing vertical connections","invocations":1,"location":null,"numPassingAsserts":2,"retryReasons":[],"status":"passed","title":"keeps overlapping floors distinct and rejects missing vertical connections"},{"ancestorTitles":["spatial foundation"],"duration":0,"failureDetails":[],"failureMessages":[],"fullName":"spatial foundation interpolates a sloped surface and rejects points outside it","invocations":1,"location":null,"numPassingAsserts":3,"retryReasons":[],"status":"passed","title":"interpolates a sloped surface and rejects points outside it"},{"ancestorTitles":["spatial foundation"],"duration":0,"failureDetails":[],"failureMessages":[],"fullName":"spatial foundation uses source world/radar scale and round-trips XY without losing height context","invocations":1,"location":null,"numPassingAsserts":2,"retryReasons":[],"status":"passed","title":"uses source world/radar scale and round-trips XY without losing height context"},{"ancestorTitles":["spatial foundation"],"duration":1,"failureDetails":[],"failureMessages":[],"fullName":"spatial foundation respects directed connections instead of inventing reverse routes","invocations":1,"location":null,"numPassingAsserts":3,"retryReasons":[],"status":"passed","title":"respects directed connections instead of inventing reverse routes"},{"ancestorTitles":["spatial foundation"],"duration":0,"failureDetails":[],"failureMessages":[],"fullName":"spatial foundation does not bridge horizontal gaps with ordinary walking edges","invocations":1,"location":null,"numPassingAsserts":2,"retryReasons":[],"status":"passed","title":"does not bridge horizontal gaps with ordinary walking edges"},{"ancestorTitles":["spatial foundation"],"duration":0,"failureDetails":[],"failureMessages":[],"fullName":"spatial foundation allows explicitly connected ladders and honors the ladder toggle","invocations":1,"location":null,"numPassingAsserts":3,"retryReasons":[],"status":"passed","title":"allows explicitly connected ladders and honors the ladder toggle"},{"ancestorTitles":["spatial foundation"],"duration":0,"failureDetails":[],"failureMessages":[],"fullName":"spatial foundation blocks both directions of a wall ray and reports the actual hit point","invocations":1,"location":null,"numPassingAsserts":3,"retryReasons":[],"status":"passed","title":"blocks both directions of a wall ray and reports the actual hit point"},{"ancestorTitles":["spatial foundation"],"duration":0,"failureDetails":[],"failureMessages":[],"fullName":"spatial foundation blocks sight between floors even at identical XY coordinates","invocations":1,"location":null,"numPassingAsserts":1,"retryReasons":[],"status":"passed","title":"blocks sight between floors even at identical XY coordinates"},{"ancestorTitles":["spatial foundation"],"duration":0,"failureDetails":[],"failureMessages":[],"fullName":"spatial foundation checks body width instead of accepting only a clear center ray","invocations":1,"location":null,"numPassingAsserts":2,"retryReasons":[],"status":"passed","title":"checks body width instead of accepting only a clear center ray"},{"ancestorTitles":["spatial foundation"],"duration":3,"failureDetails":[],"failureMessages":[],"fullName":"spatial foundation stops before a movement obstruction and never teleports across it","invocations":1,"location":null,"numPassingAsserts":3,"retryReasons":[],"status":"passed","title":"stops before a movement obstruction and never teleports across it"},{"ancestorTitles":["spatial foundation"],"duration":3,"failureDetails":[],"failureMessages":[],"fullName":"spatial foundation accelerates, arrives exactly, and produces the same fixed-step replay","invocations":1,"location":null,"numPassingAsserts":5,"retryReasons":[],"status":"passed","title":"accelerates, arrives exactly, and produces the same fixed-step replay"},{"ancestorTitles":["spatial foundation"],"duration":14,"failureDetails":[],"failureMessages":[],"fullName":"spatial foundation rejects corrupt collision buffers and non-finite geometry","invocations":1,"location":null,"numPassingAsserts":3,"retryReasons":[],"status":"passed","title":"rejects corrupt collision buffers and non-finite geometry"},{"ancestorTitles":["spatial foundation"],"duration":8,"failureDetails":[],"failureMessages":[],"fullName":"spatial foundation does not pause at tile boundaries and caps ladder movement speed","invocations":1,"location":null,"numPassingAsserts":3,"retryReasons":[],"status":"passed","title":"does not pause at tile boundaries and caps ladder movement speed"},{"ancestorTitles":["spatial foundation"],"duration":4,"failureDetails":[],"failureMessages":[],"fullName":"spatial foundation round-trips authored tests and refuses a stale map version or illegal connection","invocations":1,"location":null,"numPassingAsserts":4,"retryReasons":[],"status":"passed","title":"round-trips authored tests and refuses a stale map version or illegal connection"},{"ancestorTitles":["spatial foundation"],"duration":1,"failureDetails":[],"failureMessages":[],"fullName":"spatial foundation preserves movement settings and migrates earlier lab drafts","invocations":1,"location":null,"numPassingAsserts":3,"retryReasons":[],"status":"passed","title":"preserves movement settings and migrates earlier lab drafts"},{"ancestorTitles":["spatial foundation"],"duration":45,"failureDetails":[],"failureMessages":[],"fullName":"spatial foundation validates the pinned Mirage reference and collision checksum","invocations":1,"location":null,"numPassingAsserts":5,"retryReasons":[],"status":"passed","title":"validates the pinned Mirage reference and collision checksum"},{"ancestorTitles":["spatial foundation"],"duration":45,"failureDetails":[],"failureMessages":[],"fullName":"spatial foundation validates the pinned Nuke reference and collision checksum","invocations":1,"location":null,"numPassingAsserts":5,"retryReasons":[],"status":"passed","title":"validates the pinned Nuke reference and collision checksum"},{"ancestorTitles":["spatial foundation"],"duration":52,"failureDetails":[],"failureMessages":[],"fullName":"spatial foundation validates the pinned Sandstone reference and collision checksum","invocations":1,"location":null,"numPassingAsserts":5,"retryReasons":[],"status":"passed","title":"validates the pinned Sandstone reference and collision checksum"},{"ancestorTitles":["spatial foundation"],"duration":67,"failureDetails":[],"failureMessages":[],"fullName":"spatial foundation validates the pinned Inferno reference and collision checksum","invocations":1,"location":null,"numPassingAsserts":5,"retryReasons":[],"status":"passed","title":"validates the pinned Inferno reference and collision checksum"},{"ancestorTitles":["spatial foundation"],"duration":55,"failureDetails":[],"failureMessages":[],"fullName":"spatial foundation validates the pinned Anubis reference and collision checksum","invocations":1,"location":null,"numPassingAsserts":5,"retryReasons":[],"status":"passed","title":"validates the pinned Anubis reference and collision checksum"},{"ancestorTitles":["spatial foundation"],"duration":37,"failureDetails":[],"failureMessages":[],"fullName":"spatial foundation validates the pinned Ancient reference and collision checksum","invocations":1,"location":null,"numPassingAsserts":5,"retryReasons":[],"status":"passed","title":"validates the pinned Ancient reference and collision checksum"},{"ancestorTitles":["spatial foundation"],"duration":67,"failureDetails":[],"failureMessages":[],"fullName":"spatial foundation validates the pinned Overpass reference and collision checksum","invocations":1,"location":null,"numPassingAsserts":5,"retryReasons":[],"status":"passed","title":"validates the pinned Overpass reference and collision checksum"},{"ancestorTitles":["spatial foundation"],"duration":35,"failureDetails":[],"failureMessages":[],"fullName":"spatial foundation validates the pinned Vertigo reference and collision checksum","invocations":1,"location":null,"numPassingAsserts":5,"retryReasons":[],"status":"passed","title":"validates the pinned Vertigo reference and collision checksum"}],"endTime":1789343387651,"message":"","name":"C:\\Users\\IsacC\\EsportSimulator\\__tests__\\spatial-engine.test.ts","startTime":1789343387167,"status":"passed","summary":""},{"assertionResults":[{"ancestorTitles":[],"duration":1,"failureDetails":[],"failureMessages":[],"fullName":"opening review identifies conflicting types in either direction and excessive span without rewriting geometry","invocations":1,"location":null,"numPassingAsserts":5,"retryReasons":[],"status":"passed","title":"opening review identifies conflicting types in either direction and excessive span without rewriting geometry"},{"ancestorTitles":[],"duration":0,"failureDetails":[],"failureMessages":[],"fullName":"a crossing wall is flagged while an intentional wall endpoint at an opening is allowed","invocations":1,"location":null,"numPassingAsserts":2,"retryReasons":[],"status":"passed","title":"a crossing wall is flagged while an intentional wall endpoint at an opening is allowed"},{"ancestorTitles":[],"duration":84,"failureDetails":[],"failureMessages":[],"fullName":"the v12 attachment remains exact and all owner markings survive in the separate route copy","invocations":1,"location":null,"numPassingAsserts":8,"retryReasons":[],"status":"passed","title":"the v12 attachment remains exact and all owner markings survive in the separate route copy"},{"ancestorTitles":[],"duration":30,"failureDetails":[],"failureMessages":[],"fullName":"generated ct-to-a keeps a portable height-aware lab fixture","invocations":1,"location":null,"numPassingAsserts":6,"retryReasons":[],"status":"passed","title":"generated ct-to-a keeps a portable height-aware lab fixture"},{"ancestorTitles":[],"duration":26,"failureDetails":[],"failureMessages":[],"fullName":"generated ct-to-b keeps a portable height-aware lab fixture","in
[...]
itle":"empty staff array → all slots undefined"},{"ancestorTitles":["buildRuntimeStaff"],"duration":0,"failureDetails":[],"failureMessages":[],"fullName":"buildRuntimeStaff only a coach in the input → analyst + psych remain undefined","invocations":1,"location":null,"numPassingAsserts":3,"retryReasons":[],"status":"passed","title":"only a coach in the input → analyst + psych remain undefined"},{"ancestorTitles":["buildRuntimeStaff"],"duration":0,"failureDetails":[],"failureMessages":[],"fullName":"buildRuntimeStaff all three roles produce all three runtime objects with correct ids","invocations":1,"location":null,"numPassingAsserts":3,"retryReasons":[],"status":"passed","title":"all three roles produce all three runtime objects with correct ids"},{"ancestorTitles":["buildRuntimeStaff"],"duration":0,"failureDetails":[],"failureMessages":[],"fullName":"buildRuntimeStaff two coaches → only the first is picked (single-staff-per-role contract)","invocations":1,"location":null,"numPassingAsserts":1,"retryReasons":[],"status":"passed","title":"two coaches → only the first is picked (single-staff-per-role contract)"},{"ancestorTitles":["buildRuntimeStaff"],"duration":1,"failureDetails":[],"failureMessages":[],"fullName":"buildRuntimeStaff unknown role types are ignored","invocations":1,"location":null,"numPassingAsserts":3,"retryReasons":[],"status":"passed","title":"unknown role types are ignored"},{"ancestorTitles":["buildRuntimeStaff"],"duration":0,"failureDetails":[],"failureMessages":[],"fullName":"buildRuntimeStaff level + salary are passed through to the runtime objects","invocations":1,"location":null,"numPassingAsserts":2,"retryReasons":[],"status":"passed","title":"level + salary are passed through to the runtime objects"}],"endTime":1789343398406,"message":"","name":"C:\\Users\\IsacC\\EsportSimulator\\__tests__\\live-staff-adapter.test.ts","startTime":1789343398372,"status":"passed","summary":""},{"assertionResults":[{"ancestorTitles":["setupLeagueSchedule — no same-week double-booking"],"duration":0,"failureDetails":[],"failureMessages":[],"fullName":"setupLeagueSchedule — no same-week double-booking a league whose rounds fit the season plays one round per week","invocations":1,"location":null,"numPassingAsserts":4,"retryReasons":[],"status":"passed","title":"a league whose rounds fit the season plays one round per week"},{"ancestorTitles":["setupLeagueSchedule — no same-week double-booking"],"duration":1,"failureDetails":[],"failureMessages":[],"fullName":"setupLeagueSchedule — no same-week double-booking a league that can't fit the season keeps compression (no overrun)","invocations":1,"location":null,"numPassingAsserts":2,"retryReasons":[],"status":"passed","title":"a league that can't fit the season keeps compression (no overrun)"}],"endTime":1789343398439,"message":"","name":"C:\\Users\\IsacC\\EsportSimulator\\__tests__\\league-schedule.test.ts","startTime":1789343398408,"status":"passed","summary":""},{"assertionResults":[{"ancestorTitles":[],"duration":1,"failureDetails":[],"failureMessages":[],"fullName":"stock identity refresh preserves IDs, stats, roster relationships and custom labels","invocations":1,"location":null,"numPassingAsserts":4,"retryReasons":[],"status":"passed","title":"stock identity refresh preserves IDs, stats, roster relationships and custom labels"},{"ancestorTitles":[],"duration":1,"failureDetails":[],"failureMessages":[],"fullName":"every stock identity has a unique readable display name","invocations":1,"location":null,"numPassingAsserts":4,"retryReasons":[],"status":"passed","title":"every stock identity has a unique readable display name"},{"ancestorTitles":[],"duration":0,"failureDetails":[],"failureMessages":[],"fullName":"unknown imported IDs including object property names are left intact","invocations":1,"location":null,"numPassingAsserts":2,"retryReasons":[],"status":"passed","title":"unknown imported IDs including object property names are left intact"}],"endTime":1789343398478,"message":"","name":"C:\\Users\\IsacC\\EsportSimulator\\__tests__\\identity-refresh.test.ts","startTime":1789343398441,"status":"passed","summary":""},{"assertionResults":[{"ancestorTitles":["applyScoutingCompletion — scout accuracy drives the report tier"],"duration":0,"failureDetails":[],"failureMessages":[],"fullName":"applyScoutingCompletion — scout accuracy drives the report tier high-accuracy scout yields an ELITE report","invocations":1,"location":null,"numPassingAsserts":2,"retryReasons":[],"status":"passed","title":"high-accuracy scout yields an ELITE report"},{"ancestorTitles":["applyScoutingCompletion — scout accuracy drives the report tier"],"duration":0,"failureDetails":[],"failureMessages":[],"fullName":"applyScoutingCompletion — scout accuracy drives the report tier mid-accuracy scout yields EXPERT","invocations":1,"location":null,"numPassingAsserts":1,"retryReasons":[],"status":"passed","title":"mid-accuracy scout yields EXPERT"},{"ancestorTitles":["applyScoutingCompletion — scout accuracy drives the report tier"],"duration":0,"failureDetails":[],"failureMessages":[],"fullName":"applyScoutingCompletion — scout accuracy drives the report tier low-accuracy scout yields BASIC — no longer a flat EXPERT","invocations":1,"location":null,"numPassingAsserts":1,"retryReasons":[],"status":"passed","title":"low-accuracy scout yields BASIC — no longer a flat EXPERT"},{"ancestorTitles":["applyScoutingCompletion — scout accuracy drives the report tier"],"duration":0,"failureDetails":[],"failureMessages":[],"fullName":"applyScoutingCompletion — scout accuracy drives the report tier a scouting specialist's multiplier can push a report up a tier","invocations":1,"location":null,"numPassingAsserts":2,"retryReasons":[],"status":"passed","title":"a scouting specialist's multiplier can push a report up a tier"},{"ancestorTitles":["applyScoutingCompletion — scout accuracy drives the report tier"],"duration":0,"failureDetails":[],"failureMessages":[],"fullName":"applyScoutingCompletion — scout accuracy drives the report tier legacy mission without an employed scout produces no report","invocations":1,"location":null,"numPassingAsserts":1,"retryReasons":[],"status":"passed","title":"legacy mission without an employed scout produces no report"}],"endTime":1789343398511,"message":"","name":"C:\\Users\\IsacC\\EsportSimulator\\__tests__\\pre-tick-scout-accuracy.test.ts","startTime":1789343398481,"status":"passed","summary":""},{"assertionResults":[{"ancestorTitles":["match-ui slice"],"duration":1,"failureDetails":[],"failureMessages":[],"fullName":"match-ui slice setActiveMatch writes the id; null clears it","invocations":1,"location":null,"numPassingAsserts":2,"retryReasons":[],"status":"passed","title":"setActiveMatch writes the id; null clears it"},{"ancestorTitles":["match-ui slice"],"duration":0,"failureDetails":[],"failureMessages":[],"fullName":"match-ui slice updateActiveMatchState replaces the live mirror wholesale","invocations":1,"location":null,"numPassingAsserts":1,"retryReasons":[],"status":"passed","title":"updateActiveMatchState replaces the live mirror wholesale"},{"ancestorTitles":["match-ui slice"],"duration":1,"failureDetails":[],"failureMessages":[],"fullName":"match-ui slice clearActiveMatchState nulls both fields together (route-leave path)","invocations":1,"location":null,"numPassingAsserts":2,"retryReasons":[],"status":"passed","title":"clearActiveMatchState nulls both fields together (route-leave path)"},{"ancestorTitles":["match-ui slice"],"duration":0,"failureDetails":[],"failureMessages":[],"fullName":"match-ui slice updateCustomTactic writes the (map, side) → strategy slot","invocations":1,"location":null,"numPassingAsserts":2,"retryReasons":[],"status":"passed","title":"updateCustomTactic writes the (map, side) → strategy slot"},{"ancestorTitles":["match-ui slice"],"duration":0,"failureDetails":[],"failureMessages":[],"fullName":"match-ui slice updateCustomTactic is a no-op for an unknown map id","invocations":1,"location":null,"numPassingAsserts":1,"retryReasons":[],"status":"passed","title":"updateCustomTactic is a no-op for an unknown map id"},{"ancestorTitles":[],"duration":1,"failureDetails":[],"failureMessages":[],"fullName":"stale checkpoints cannot overwrite another career, another active match or a completed result","invocations":1,"location":null,"numPassingAsserts":3,"retryReasons":[],"status":"passed","title":"stale checkpoints cannot overwrite another career, another active match or a completed result"}],"endTime":1789343398545,"message":"","name":"C:\\Users\\IsacC\\EsportSimulator\\__tests__\\match-ui-slice.test.ts","startTime":1789343398514,"status":"passed","summary":""},{"assertionResults":[{"ancestorTitles":["Electron app navigation origins"],"duration":1,"failureDetails":[],"failureMessages":[],"fullName":"Electron app navigation origins allows the selected app listener: http://localhost:3004/main-menu","invocations":1,"location":null,"numPassingAsserts":1,"retryReasons":[],"status":"passed","title":"allows the selected app listener: http://localhost:3004/main-menu"},{"ancestorTitles":["Electron app navigation origins"],"duration":0,"failureDetails":[],"failureMessages":[],"fullName":"Electron app navigation origins allows the selected app listener: http://localhost:3004/match/test/live?x=1#round","invocations":1,"location":null,"numPassingAsserts":1,"retryReasons":[],"status":"passed","title":"allows the selected app listener: http://localhost:3004/match/test/live?x=1#round"},{"ancestorTitles":["Electron app navigation origins"],"duration":0,"failureDetails":[],"failureMessages":[],"fullName":"Electron app navigation origins rejects unrelated or disguised origins: http://localhost:3005/","invocations":1,"location":null,"numPassingAsserts":1,"retryReasons":[],"status":"passed","title":"rejects unrelated or disguised origins: http://localhost:3005/"},{"ancestorTitles":["Electron app navigation origins"],"duration":0,"failureDetails":[],"failureMessages":[],"fullName":"Electron app navigation origins rejects unrelated or disguised origins: http://127.0.0.1:80/","invocations":1,"location":null,"numPassingAsserts":1,"retryReasons":[],"status":"passed","title":"rejects unrelated or disguised origins: http://127.0.0.1:80/"},{"ancestorTitles":["Electron app navigation origins"],"duration":0,"failureDetails":[],"failureMessages":[],"fullName":"Electron app navigation origins rejects unrelated or disguised origins: http://localhost.evil.test:3004/","invocations":1,"location":null,"numPassingAsserts":1,"retryReasons":[],"status":"passed","title":"rejects unrelated or disguised origins: http://localhost.evil.test:3004/"},{"ancestorTitles":["Electron app navigation origins"],"duration":0,"failureDetails":[],"failureMessages":[],"fullName":"Electron app navigation origins rejects unrelated or disguised origins: https://localhost:3004/","invocations":1,"location":null,"numPassingAsserts":1,"retryReasons":[],"status":"passed","title":"rejects unrelated or disguised origins: https://localhost:3004/"},{"ancestorTitles":["Electron app navigation origins"],"duration":0,"failureDetails":[],"failureMessages":[],"fullName":"Electron app navigation origins rejects unrelated or disguised origins: file:///test","invocations":1,"location":null,"numPassingAsserts":1,"retryReasons":[],"status":"passed","title":"rejects unrelated or disguised origins: file:///test"},{"ancestorTitles":["Electron app navigation origins"],"duration":1,"failureDetails":[],"failureMessages":[],"fullName":"Electron app navigation origins rejects unrelated or disguised origins: data:text/html,test","invocations":1,"location":null,"numPassingAsserts":1,"retryReasons":[],"status":"passed","title":"rejects unrelated or disguised origins: data:text/html,test"},{"ancestorTitles":["Electron app navigation origins"],"duration":2,"failureDetails":[],"failureMessages":[],"fullName":"Electron app navigation origins rejects unrelated or disguised origins: http://user:pass@localhost:3004/","invocations":1,"location":null,"numPassingAsserts":1,"retryReasons":[],"status":"passed","title":"rejects unrelated or disguised origins: http://user:pass@localhost:3004/"},{"ancestorTitles":["Electron app navigation origins"],"duration":0,"failureDetails":[],"failureMessages":[],"fullName":"Electron app navigation origins rejects unrelated or disguised origins: invalid","invocations":1,"location":null,"numPassingAsserts":1,"retryReasons":[],"status":"passed","title":"rejects unrelated or disguised origins: invalid"},{"ancestorTitles":["Electron app navigation origins"],"duration":0,"failureDetails":[],"failureMessages":[],"fullName":"Electron app navigation origins development also trusts exactly the selected origin","invocations":1,"location":null,"numPassingAsserts":5,"retryReasons":[],"status":"passed","title":"development also trusts exactly the selected origin"}],"endTime":1789343398583,"message":"","name":"C:\\Users\\IsacC\\EsportSimulator\\__tests__\\electron-app-origin.test.ts","startTime":1789343398547,"status":"passed","summary":""},{"assertionResults":[{"ancestorTitles":["Content release gate"],"duration":0,"failureDetails":[],"failureMessages":[],"fullName":"Content release gate rejects unreviewed, changed and merely relabeled exclusions","invocations":1,"location":null,"numPassingAsserts":5,"retryReasons":[],"status":"passed","title":"rejects unreviewed, changed and merely relabeled exclusions"}],"endTime":1789343398614,"message":"","name":"C:\\Users\\IsacC\\EsportSimulator\\__tests__\\content-provenance.test.ts","startTime":1789343398586,"status":"passed","summary":""},{"assertionResults":[{"ancestorTitles":["Electron close acknowledgement watchdog"],"duration":3,"failureDetails":[],"failureMessages":[],"fullName":"Electron close acknowledgement watchdog an acknowledged close request can wait for a save or player choice indefinitely","invocations":1,"location":null,"numPassingAsserts":2,"retryReasons":[],"status":"passed","title":"an acknowledged close request can wait for a save or player choice indefinitely"},{"ancestorTitles":["Electron close acknowledgement watchdog"],"duration":0,"failureDetails":[],"failureMessages":[],"fullName":"Electron close acknowledgement watchdog only a missing acknowledgement triggers the unresponsive prompt","invocations":1,"location":null,"numPassingAsserts":2,"retryReasons":[],"status":"passed","title":"only a missing acknowledgement triggers the unresponsive prompt"},{"ancestorTitles":["Electron close acknowledgement watchdog"],"duration":1,"failureDetails":[],"failureMessages":[],"fullName":"Electron close acknowledgement watchdog cancellation clears the watchdog and a later request gets a fresh timeout","invocations":1,"location":null,"numPassingAsserts":2,"retryReasons":[],"status":"passed","title":"cancellation clears the watchdog and a later request gets a fresh timeout"}],"endTime":1789343398647,"message":"","name":"C:\\Users\\IsacC\\EsportSimulator\\__tests__\\close-handshake.test.ts","startTime":1789343398616,"status":"passed","summary":""},{"assertionResults":[{"ancestorTitles":["natural youth growth"],"duration":0,"failureDetails":[],"failureMessages":[],"fullName":"natural youth growth a high-potential teenager gains stats over a season; never exceeds potential","invocations":1,"location":null,"numPassingAsserts":7,"retryReasons":[],"status":"passed","title":"a high-potential teenager gains stats over a season; never exceeds potential"},{"ancestorTitles":["natural youth growth"],"duration":1,"failureDetails":[],"failureMessages":[],"fullName":"natural youth growth a player already at potential does not grow","invocations":1,"location":null,"numPassingAsserts":1,"retryReasons":[],"status":"passed","title":"a player already at potential does not grow"},{"ancestorTitles":["natural youth growth"],"duration":0,"failureDetails":[],"failureMessages":[],"fullName":"natural youth growth an older player (age 28) gets no youth growth","invocations":1,"location":null,"numPassingAsserts":1,"retryReasons":[],"status":"passed","title":"an older player (age 28) gets no youth growth"},{"ancestorTitles":["natural youth growth"],"duration":0,"failureDetails":[],"failureMessages":[],"fullName":"natural youth growth deterministic for the same seed","invocations":1,"location":null,"numPassingAsserts":1,"retryReasons":[],"status":"passed","title":"deterministic for the same seed"}],"endTime":1789343398677,"message":"","name":"C:\\Users\\IsacC\\EsportSimulator\\__tests__\\player-natural-growth.test.ts","startTime":1789343398649,"status":"passed","summary":""},{"assertionResults":[{"ancestorTitles":["milestone checker"],"duration":1,"failureDetails":[],"failureMessages":[],"fullName":"milestone checker fires the first-win milestone but not higher tiers","invocations":1,"location":null,"numPassingAsserts":2,"retryReasons":[],"status":"passed","title":"fires the first-win milestone but not higher tiers"},{"ancestorTitles":["milestone checker"],"duration":0,"failureDetails":[],"failureMessages":[],"fullName":"milestone checker dedups against already-fired ids","invocations":1,"location":null,"numPassingAsserts":1,"retryReasons":[],"status":"passed","title":"dedups against already-fired ids"},{"ancestorTitles":["milestone checker"],"duration":1,"failureDetails":[],"failureMessages":[],"fullName":"milestone checker fires a win-streak milestone only for a genuine consecutive run","invocations":1,"location":null,"numPassingAsserts":2,"retryReasons":[],"status":"passed","title":"fires a win-streak milestone only for a genuine consecutive run"},{"ancestorTitles":["milestone checker"],"duration":0,"failureDetails":[],"failureMessages":[],"fullName":"milestone checker fires firsts and threshold milestones for trophies, kills, and followers","invocations":1,"location":null,"numPassingAsserts":3,"retryReasons":[],"status":"passed","title":"fires firsts and threshold milestones for trophies, kills, and followers"},{"ancestorTitles":["milestone checker"],"duration":0,"failureDetails":[],"failureMessages":[],"fullName":"milestone checker returns nothing for a team with no progress","invocations":1,"location":null,"numPassingAsserts":1,"retryReasons":[],"status":"passed","title":"returns nothing for a team with no progress"}],"endTime":1789343398709,"message":"","name":"C:\\Users\\IsacC\\EsportSimulator\\__tests__\\milestone-checker.test.ts","startTime":1789343398679,"status":"passed","summary":""},{"assertionResults":[{"ancestorTitles":["radar-level-selector"],"duration":0,"failureDetails":[],"failureMessages":[],"fullName":"radar-level-selector prioritizes planted bomb level","invocations":1,"location":null,"numPassingAsserts":1,"retryReasons":[],"status":"passed","title":"prioritizes planted bomb level"},{"ancestorTitles":["radar-level-selector"],"duration":1,"failureDetails":[],"failureMessages":[],"fullName":"radar-level-selector uses recent kill-line level when bomb is not active","invocations":1,"location":null,"numPassingAsserts":1,"retryReasons":[],"status":"passed","title":"uses recent kill-line level when bomb is not active"},{"ancestorTitles":["radar-level-selector"],"duration":0,"failureDetails":[],"failureMessages":[],"fullName":"radar-level-selector falls back to alive player majority when there is no bomb or recent kill line","invocations":1,"location":null,"numPassingAsserts":1,"retryReasons":[],"status":"passed","title":"falls back to alive player majority when there is no bomb or recent kill line"},{"ancestorTitles":["radar-level-selector"],"duration":0,"failureDetails":[],"failureMessages":[],"fullName":"radar-level-selector returns upper for single-level maps","invocations":1,"location":null,"numPassingAsserts":1,"retryReasons":[],"status":"passed","title":"returns upper for single-level maps"}],"endTime":1789343398738,"message":"","name":"C:\\Users\\IsacC\\EsportSimulator\\__tests__\\radar-level-selector.test.ts","startTime":1789343398711,"status":"passed","summary":""}],"wasInterrupted":false}
